<?xml version="1.0" encoding="UTF-8"?>
<testsuite name="hello.advanced.trace.postprocessor.BeanPostProcessorTest" tests="1" skipped="0" failures="0" errors="0" timestamp="2025-03-09T14:50:07" hostname="imhyeonseung-ui-MacBookPro.local" time="0.136">
  <properties/>
  <testcase name="basicConfig()" classname="hello.advanced.trace.postprocessor.BeanPostProcessorTest" time="0.136"/>
  <system-out><![CDATA[23:50:07.375 [Test worker] WARN org.springframework.context.support.PostProcessorRegistrationDelegate$BeanPostProcessorChecker -- Bean 'beanPostProcessorTest.BeanPostProcessorConfig' of type [hello.advanced.trace.postprocessor.BeanPostProcessorTest$BeanPostProcessorConfig$$SpringCGLIB$$0] is not eligible for getting processed by all BeanPostProcessors (for example: not eligible for auto-proxying). The currently created BeanPostProcessor [helloPostProcessor] is declared through a non-static factory method on that class; consider declaring it as static instead.
23:50:07.380 [Test worker] INFO hello.advanced.trace.postprocessor.BeanPostProcessorTest$AToBPostProcessor -- beanName=beanA bean=hello.advanced.trace.postprocessor.BeanPostProcessorTest$A@1849db1a
23:50:07.387 [Test worker] INFO hello.advanced.trace.postprocessor.BeanPostProcessorTest$B -- hello B
]]></system-out>
  <system-err><![CDATA[]]></system-err>
</testsuite>
